<?xml version="1.0" encoding="UTF-8"?>
<testsuites>
  <testsuite name="metrics" timestamp="2024-09-05T20:57:01Z" hostname="4bfe9f45e4a5" tests="19" skipped="0" failures="0" errors="0" time="0.748">
    <testcase time="0.018" classname="metrics" name="metrics_r2_works"/>
    <testcase time="0.022" classname="metrics" name="metrics_r2_works"/>
    <testcase time="0.00800000000000001" classname="metrics" name="metrics_r2_works"/>
    <testcase time="0.013" classname="metrics" name="metrics_R2_works"/>
    <testcase time="0.003" classname="metrics" name="metrics_R2_works"/>
    <testcase time="0.002" classname="metrics" name="metrics_R2_works"/>
    <testcase time="0.00600000000000001" classname="metrics" name="metrics_DI_works"/>
    <testcase time="0.003" classname="metrics" name="metrics_DI_works"/>
    <testcase time="0.003" classname="metrics" name="metrics_DI_works"/>
    <testcase time="0.005" classname="metrics" name="metrics_MI_works"/>
    <testcase time="0.003" classname="metrics" name="metrics_MI_works"/>
    <testcase time="0.003" classname="metrics" name="metrics_MI_works"/>
    <testcase time="0.003" classname="metrics" name="metrics_MI_works"/>
    <testcase time="0.621" classname="metrics" name="metrics_fit_calib_works"/>
    <testcase time="0.004" classname="metrics" name="metrics_fit_calib_works"/>
    <testcase time="0.012" classname="metrics" name="metrics_fit_calib_works"/>
    <testcase time="0.004" classname="metrics" name="metrics_fit_calib_works"/>
    <testcase time="0.0109999999999999" classname="metrics" name="metrics_fit_calib_works"/>
    <testcase time="0.004" classname="metrics" name="metrics_fit_calib_works"/>
  </testsuite>
  <testsuite name="plots_density" timestamp="2024-09-05T20:57:02Z" hostname="4bfe9f45e4a5" tests="1" skipped="1" failures="0" errors="0" time="0.251">
    <testcase time="0.251" classname="plots_density" name="check_density_and_quantile_calculations">
      <skipped message="Reason: On CRAN ('test-plots_density.R:37:3')"/>
    </testcase>
  </testsuite>
  <testsuite name="sculpting" timestamp="2024-09-05T20:57:02Z" hostname="4bfe9f45e4a5" tests="111" skipped="9" failures="0" errors="0" time="2.17">
    <testcase time="0.0509999999999999" classname="sculpting" name="sample_marginals_works_as_expected"/>
    <testcase time="0.002" classname="sculpting" name="sample_marginals_works_as_expected"/>
    <testcase time="0.00300000000000011" classname="sculpting" name="sample_marginals_works_as_expected"/>
    <testcase time="0.0379999999999998" classname="sculpting" name="sample_marginals_works_as_expected"/>
    <testcase time="0.052" classname="sculpting" name="sample_marginals_works_as_expected"/>
    <testcase time="0.00300000000000011" classname="sculpting" name="sample_marginals_works_as_expected"/>
    <testcase time="0.00299999999999989" classname="sculpting" name="sample_marginals_works_as_expected"/>
    <testcase time="0.0250000000000001" classname="sculpting" name="calculate_ice_data_and_generate_ice_data_works_as_expected">
      <skipped message="Reason: On CRAN ('test-sculpting.R:57:3')"/>
    </testcase>
    <testcase time="0.159" classname="sculpting" name="calculate_pdp_data_and_generate_pdp_data_works_as_expected">
      <skipped message="Reason: On CRAN ('test-sculpting.R:109:3')"/>
    </testcase>
    <testcase time="0.028" classname="sculpting" name="generate_ice_data_and_generate_pdp_data_with_logodds_to_prob_works_as_expected"/>
    <testcase time="0.00800000000000001" classname="sculpting" name="generate_ice_data_and_generate_pdp_data_with_logodds_to_prob_works_as_expected"/>
    <testcase time="0.112" classname="sculpting" name="sculpt_rough_works_as_expected"/>
    <testcase time="0.00100000000000033" classname="sculpting" name="sculpt_rough_works_as_expected"/>
    <testcase time="0.004" classname="sculpting" name="sculpt_rough_works_as_expected"/>
    <testcase time="0.004" classname="sculpting" name="sculpt_rough_works_as_expected"/>
    <testcase time="0.0089999999999999" classname="sculpting" name="sculpt_rough_works_as_expected">
      <skipped message="Reason: On CRAN ('test-sculpting.R:204:3')"/>
    </testcase>
    <testcase time="0.056" classname="sculpting" name="sculpt_rough_works_with_1_2_3_variable_s_"/>
    <testcase time="0.00199999999999978" classname="sculpting" name="sculpt_rough_works_with_1_2_3_variable_s_"/>
    <testcase time="0.004" classname="sculpting" name="sculpt_rough_works_with_1_2_3_variable_s_"/>
    <testcase time="0.004" classname="sculpting" name="sculpt_rough_works_with_1_2_3_variable_s_"/>
    <testcase time="0.00300000000000011" classname="sculpting" name="sculpt_rough_works_with_1_2_3_variable_s_"/>
    <testcase time="0.00800000000000001" classname="sculpting" name="sculpt_rough_works_with_1_2_3_variable_s_">
      <skipped message="Reason: On CRAN ('test-sculpting.R:246:3')"/>
    </testcase>
    <testcase time="0.167" classname="sculpting" name="sculpt_detailed_lm_works_as_expected"/>
    <testcase time="0.00100000000000033" classname="sculpting" name="sculpt_detailed_lm_works_as_expected"/>
    <testcase time="0.00299999999999967" classname="sculpting" name="sculpt_detailed_lm_works_as_expected"/>
    <testcase time="0.00300000000000011" classname="sculpting" name="sculpt_detailed_lm_works_as_expected"/>
    <testcase time="0.012" classname="sculpting" name="sculpt_detailed_lm_works_as_expected">
      <skipped message="Reason: On CRAN ('test-sculpting.R:308:3')"/>
    </testcase>
    <testcase time="0.275" classname="sculpting" name="sculpt_detailed_gam_works_as_expected"/>
    <testcase time="0.00200000000000022" classname="sculpting" name="sculpt_detailed_gam_works_as_expected"/>
    <testcase time="0.004" classname="sculpting" name="sculpt_detailed_gam_works_as_expected"/>
    <testcase time="0.004" classname="sculpting" name="sculpt_detailed_gam_works_as_expected"/>
    <testcase time="0.0140000000000002" classname="sculpting" name="sculpt_detailed_gam_works_as_expected">
      <skipped message="Reason: On CRAN ('test-sculpting.R:347:3')"/>
    </testcase>
    <testcase time="0.0779999999999998" classname="sculpting" name="sculptures_work_with_one_variable"/>
    <testcase time="0.004" classname="sculpting" name="sculptures_work_with_one_variable"/>
    <testcase time="0.0910000000000002" classname="sculpting" name="sculptures_work_with_missings_flag_all_same">
      <skipped message="Reason: On CRAN ('test-sculpting.R:394:3')"/>
    </testcase>
    <testcase time="0.0760000000000001" classname="sculpting" name="sculptures_work_with_missings_flag_different_per_column">
      <skipped message="Reason: On CRAN ('test-sculpting.R:423:3')"/>
    </testcase>
    <testcase time="0.0659999999999998" classname="sculpting" name="Rough_class_is_defined_properly"/>
    <testcase time="0.00099999999999989" classname="sculpting" name="Rough_class_is_defined_properly"/>
    <testcase time="0.00300000000000011" classname="sculpting" name="Rough_class_is_defined_properly"/>
    <testcase time="0.00199999999999978" classname="sculpting" name="Rough_class_is_defined_properly"/>
    <testcase time="0.00300000000000011" classname="sculpting" name="Rough_class_is_defined_properly"/>
    <testcase time="0.00300000000000011" classname="sculpting" name="Rough_class_is_defined_properly"/>
    <testcase time="0.00199999999999978" classname="sculpting" name="Rough_class_is_defined_properly"/>
    <testcase time="0.00300000000000011" classname="sculpting" name="Rough_class_is_defined_properly"/>
    <testcase time="0.00200000000000022" classname="sculpting" name="Rough_class_is_defined_properly"/>
    <testcase time="0.004" classname="sculpting" name="Rough_class_is_defined_properly"/>
    <testcase time="0.00199999999999978" classname="sculpting" name="Rough_class_is_defined_properly"/>
    <testcase time="0.00300000000000011" classname="sculpting" name="Rough_class_is_defined_properly"/>
    <testcase time="0.00300000000000011" classname="sculpting" name="Rough_class_is_defined_properly"/>
    <testcase time="0.00199999999999978" classname="sculpting" name="Rough_class_is_defined_properly"/>
    <testcase time="0.00300000000000011" classname="sculpting" name="Rough_class_is_defined_properly"/>
    <testcase time="0.00300000000000011" classname="sculpting" name="Rough_class_is_defined_properly"/>
    <testcase time="0.0109999999999997" classname="sculpting" name="Rough_class_is_defined_properly"/>
    <testcase time="0.00200000000000022" classname="sculpting" name="Rough_class_is_defined_properly"/>
    <testcase time="0.00300000000000011" classname="sculpting" name="Rough_class_is_defined_properly"/>
    <testcase time="0.00299999999999967" classname="sculpting" name="Rough_class_is_defined_properly"/>
    <testcase time="0.00200000000000022" classname="sculpting" name="Rough_class_is_defined_properly"/>
    <testcase time="0.00300000000000011" classname="sculpting" name="Rough_class_is_defined_properly"/>
    <testcase time="0.00299999999999967" classname="sculpting" name="Rough_class_is_defined_properly"/>
    <testcase time="0.00300000000000011" classname="sculpting" name="Rough_class_is_defined_properly"/>
    <testcase time="0.00300000000000011" classname="sculpting" name="Rough_class_is_defined_properly"/>
    <testcase time="0.00199999999999978" classname="sculpting" name="Rough_class_is_defined_properly"/>
    <testcase time="0.00300000000000011" classname="sculpting" name="Rough_class_is_defined_properly"/>
    <testcase time="0.00300000000000011" classname="sculpting" name="Rough_class_is_defined_properly"/>
    <testcase time="0.00300000000000011" classname="sculpting" name="Rough_class_is_defined_properly"/>
    <testcase time="0.00299999999999967" classname="sculpting" name="Rough_class_is_defined_properly"/>
    <testcase time="0.00200000000000022" classname="sculpting" name="Rough_class_is_defined_properly"/>
    <testcase time="0.00300000000000011" classname="sculpting" name="Rough_class_is_defined_properly"/>
    <testcase time="0.00299999999999967" classname="sculpting" name="Rough_class_is_defined_properly"/>
    <testcase time="0.00300000000000011" classname="sculpting" name="Rough_class_is_defined_properly"/>
    <testcase time="0.00199999999999978" classname="sculpting" name="Rough_class_is_defined_properly"/>
    <testcase time="0.00300000000000011" classname="sculpting" name="Rough_class_is_defined_properly"/>
    <testcase time="0.00200000000000022" classname="sculpting" name="Rough_class_is_defined_properly"/>
    <testcase time="0.00300000000000011" classname="sculpting" name="Rough_class_is_defined_properly"/>
    <testcase time="0.00199999999999978" classname="sculpting" name="Rough_class_is_defined_properly"/>
    <testcase time="0.004" classname="sculpting" name="Rough_class_is_defined_properly"/>
    <testcase time="0.0900000000000003" classname="sculpting" name="Detailed_class_is_defined_properly"/>
    <testcase time="0.00099999999999989" classname="sculpting" name="Detailed_class_is_defined_properly"/>
    <testcase time="0.00300000000000011" classname="sculpting" name="Detailed_class_is_defined_properly"/>
    <testcase time="0.00199999999999978" classname="sculpting" name="Detailed_class_is_defined_properly"/>
    <testcase time="0.004" classname="sculpting" name="Detailed_class_is_defined_properly"/>
    <testcase time="0.00300000000000011" classname="sculpting" name="Detailed_class_is_defined_properly"/>
    <testcase time="0.00599999999999978" classname="sculpting" name="Detailed_class_is_defined_properly"/>
    <testcase time="0.004" classname="sculpting" name="Detailed_class_is_defined_properly"/>
    <testcase time="0.00200000000000022" classname="sculpting" name="Detailed_class_is_defined_properly"/>
    <testcase time="0.00299999999999967" classname="sculpting" name="Detailed_class_is_defined_properly"/>
    <testcase time="0.00300000000000011" classname="sculpting" name="Detailed_class_is_defined_properly"/>
    <testcase time="0.00300000000000011" classname="sculpting" name="Detailed_class_is_defined_properly"/>
    <testcase time="0.00300000000000011" classname="sculpting" name="Detailed_class_is_defined_properly"/>
    <testcase time="0.00299999999999967" classname="sculpting" name="Detailed_class_is_defined_properly"/>
    <testcase time="0.00900000000000034" classname="sculpting" name="Detailed_class_is_defined_properly"/>
    <testcase time="0.00299999999999967" classname="sculpting" name="Detailed_class_is_defined_properly"/>
    <testcase time="0.00300000000000011" classname="sculpting" name="Detailed_class_is_defined_properly"/>
    <testcase time="0.00300000000000011" classname="sculpting" name="Detailed_class_is_defined_properly"/>
    <testcase time="0.00300000000000011" classname="sculpting" name="Detailed_class_is_defined_properly"/>
    <testcase time="0.00299999999999967" classname="sculpting" name="Detailed_class_is_defined_properly"/>
    <testcase time="0.00300000000000011" classname="sculpting" name="Detailed_class_is_defined_properly"/>
    <testcase time="0.00200000000000022" classname="sculpting" name="Detailed_class_is_defined_properly"/>
    <testcase time="0.004" classname="sculpting" name="Detailed_class_is_defined_properly"/>
    <testcase time="0.00299999999999967" classname="sculpting" name="Detailed_class_is_defined_properly"/>
    <testcase time="0.00300000000000011" classname="sculpting" name="Detailed_class_is_defined_properly"/>
    <testcase time="0.00300000000000011" classname="sculpting" name="Detailed_class_is_defined_properly"/>
    <testcase time="0.00300000000000011" classname="sculpting" name="Detailed_class_is_defined_properly"/>
    <testcase time="0.00299999999999967" classname="sculpting" name="Detailed_class_is_defined_properly"/>
    <testcase time="0.00300000000000011" classname="sculpting" name="Detailed_class_is_defined_properly"/>
    <testcase time="0.00300000000000011" classname="sculpting" name="Detailed_class_is_defined_properly"/>
    <testcase time="0.00300000000000011" classname="sculpting" name="Detailed_class_is_defined_properly"/>
    <testcase time="0.00299999999999967" classname="sculpting" name="Detailed_class_is_defined_properly"/>
    <testcase time="0.00300000000000011" classname="sculpting" name="Detailed_class_is_defined_properly"/>
    <testcase time="0.00300000000000011" classname="sculpting" name="Detailed_class_is_defined_properly"/>
    <testcase time="0.482" classname="sculpting" name="variable_importance_plots_with_ice">
      <skipped message="Reason: empty test ('test-sculpting.R:542:1')"/>
    </testcase>
  </testsuite>
</testsuites>
